2025-11-14 13:23:52, MOVE, v:1, k:poo@budega, mode:PICK
2025-11-14 13:23:53, EXEC, v:1, k:poo@budega, mode:FULL, rate:0
2025-11-14 13:23:55, MOVE, v:1, k:poo@budega, mode:BACK
2025-11-14 13:24:16, MOVE, v:1, k:poo@budega, mode:PICK
2025-11-14 13:24:19, EXEC, v:1, k:poo@budega, mode:FULL, rate:0
2025-11-14 13:37:41, EXEC, v:1, k:poo@budega, mode:FREE, size:72
2025-11-14 13:54:54, EXEC, v:1, k:poo@budega, mode:FULL, rate:0, size:72
2025-11-14 13:57:35, EXEC, v:1, k:poo@budega, mode:FULL, rate:0, size:73
2025-11-14 13:58:05, EXEC, v:1, k:poo@budega, mode:FULL, rate:0, size:73
2025-11-14 14:00:43, EXEC, v:1, k:poo@budega, mode:FULL, rate:0, size:74
2025-11-14 14:01:05, EXEC, v:1, k:poo@budega, mode:FULL, rate:0, size:74
2025-11-14 14:01:19, MOVE, v:1, k:poo@budega, mode:PICK
2025-11-14 14:01:20, EXEC, v:1, k:poo@budega, mode:FULL, rate:0
2025-11-14 14:01:21, MOVE, v:1, k:poo@budega, mode:BACK
2025-11-14 14:01:24, MOVE, v:1, k:poo@budega, mode:PICK
2025-11-14 14:04:13, EXEC, v:1, k:poo@budega, mode:FULL, rate:10, size:72
2025-11-14 14:07:47, EXEC, v:1, k:poo@budega, mode:FULL, rate:30, size:75
2025-11-14 14:11:04, EXEC, v:1, k:poo@budega, mode:FULL, rate:40, size:77
2025-11-14 14:15:59, EXEC, v:1, k:poo@budega, mode:FULL, rate:50, size:78
2025-11-14 14:16:23, EXEC, v:1, k:poo@budega, mode:FULL, rate:70, size:78
2025-11-14 14:16:58, EXEC, v:1, k:poo@budega, mode:FULL, rate:70, size:78
2025-11-14 14:17:13, EXEC, v:1, k:poo@budega, mode:FULL, rate:90, size:78
2025-11-14 14:18:17, EXEC, v:1, k:poo@budega, mode:FULL, rate:90, size:78
2025-11-14 14:18:39, EXEC, v:1, k:poo@budega, mode:FULL, rate:100, size:78
2025-11-14 14:18:44, MOVE, v:1, k:poo@budega, mode:BACK
2025-11-14 14:18:54, MOVE, v:1, k:poo@budega, mode:PICK
2025-11-14 14:18:55, EXEC, v:1, k:poo@budega, mode:FULL, rate:100
2025-11-14 14:19:01, MOVE, v:1, k:poo@budega, mode:BACK
2025-11-14 14:20:05, SELF, v:1, k:poo@budega, rate:100, alone:10, study:240
