2025-11-15 02:28:11, MOVE, v:1, k:poo@lapiseira, mode:DOWN
2025-11-15 02:28:15, MOVE, v:1, k:poo@lapiseira, mode:PICK
2025-11-15 02:29:29, EXEC, v:1, k:poo@lapiseira, mode:FULL, rate:0, size:0
2025-11-15 02:47:03, EXEC, v:1, k:poo@lapiseira, mode:FULL, rate:0, size:10
2025-11-15 02:47:39, EXEC, v:1, k:poo@lapiseira, mode:FULL, rate:0, size:10
2025-11-15 02:47:58, EXEC, v:1, k:poo@lapiseira, mode:FULL, rate:0, size:11
2025-11-15 03:04:10, EXEC, v:1, k:poo@lapiseira, mode:FULL, rate:0, size:25
2025-11-15 03:04:13, EXEC, v:1, k:poo@lapiseira, mode:FULL, rate:0
2025-11-15 03:04:40, EXEC, v:1, k:poo@lapiseira, mode:FULL, rate:0, size:25
2025-11-15 03:08:57, EXEC, v:1, k:poo@lapiseira, mode:FULL, rate:0, size:26
2025-11-15 03:09:30, EXEC, v:1, k:poo@lapiseira, mode:FULL, rate:0, size:24
2025-11-15 03:10:02, MOVE, v:1, k:poo@lapiseira, mode:PICK
2025-11-15 03:10:03, EXEC, v:1, k:poo@lapiseira, mode:FULL, rate:0, size:26
2025-11-15 03:10:05, MOVE, v:1, k:poo@lapiseira, mode:BACK
2025-11-15 12:06:42, MOVE, v:1, k:poo@lapiseira, mode:PICK
2025-11-15 12:06:43, EXEC, v:1, k:poo@lapiseira, mode:FULL, rate:0
2025-11-15 12:06:45, MOVE, v:1, k:poo@lapiseira, mode:BACK
2025-11-15 12:06:49, MOVE, v:1, k:poo@lapiseira, mode:PICK
2025-11-15 12:06:50, EXEC, v:1, k:poo@lapiseira, mode:FULL, rate:0
2025-11-15 12:06:51, MOVE, v:1, k:poo@lapiseira, mode:BACK
2025-11-15 12:13:54, MOVE, v:1, k:poo@lapiseira, mode:PICK
2025-11-15 12:13:56, EXEC, v:1, k:poo@lapiseira, mode:FULL, rate:0
2025-11-15 12:13:57, MOVE, v:1, k:poo@lapiseira, mode:BACK
2025-11-15 12:18:00, MOVE, v:1, k:poo@lapiseira, mode:PICK
2025-11-15 12:18:01, EXEC, v:1, k:poo@lapiseira, mode:FULL, rate:0, size:26
2025-11-15 12:20:24, EXEC, v:1, k:poo@lapiseira, mode:FULL, rate:0, size:26
2025-11-15 12:21:55, EXEC, v:1, k:poo@lapiseira, mode:FULL, rate:0, size:29
2025-11-15 12:22:50, EXEC, v:1, k:poo@lapiseira, mode:FULL, rate:0, size:29
2025-11-15 12:28:13, EXEC, v:1, k:poo@lapiseira, mode:FULL, rate:0, size:36
2025-11-15 12:29:03, EXEC, v:1, k:poo@lapiseira, mode:FULL, rate:0, size:37
2025-11-15 12:32:50, EXEC, v:1, k:poo@lapiseira, mode:FULL, rate:0, size:46
2025-11-15 12:33:48, EXEC, v:1, k:poo@lapiseira, mode:FULL, rate:0, size:46
2025-11-15 12:34:18, MOVE, v:1, k:poo@lapiseira, mode:PICK
2025-11-15 12:34:20, EXEC, v:1, k:poo@lapiseira, mode:FULL, rate:0, size:46
2025-11-15 12:35:53, EXEC, v:1, k:poo@lapiseira, mode:FULL, rate:0, size:46
2025-11-15 12:38:30, EXEC, v:1, k:poo@lapiseira, mode:FULL, rate:0, size:54
2025-11-15 12:39:50, EXEC, v:1, k:poo@lapiseira, mode:FULL, rate:0, size:54
2025-11-15 12:39:51, EXEC, v:1, k:poo@lapiseira, mode:FULL, rate:0
2025-11-15 12:39:53, EXEC, v:1, k:poo@lapiseira, mode:FULL, rate:0
2025-11-15 12:39:53, EXEC, v:1, k:poo@lapiseira, mode:FULL, rate:0
2025-11-15 12:39:54, EXEC, v:1, k:poo@lapiseira, mode:FULL, rate:0
2025-11-15 12:40:21, EXEC, v:1, k:poo@lapiseira, mode:FULL, rate:0, size:54
2025-11-15 12:43:21, EXEC, v:1, k:poo@lapiseira, mode:FULL, rate:0, size:55
2025-11-15 12:44:08, EXEC, v:1, k:poo@lapiseira, mode:FULL, rate:0, size:56
2025-11-15 12:44:27, EXEC, v:1, k:poo@lapiseira, mode:FULL, rate:0, size:57
2025-11-15 12:44:43, EXEC, v:1, k:poo@lapiseira, mode:FULL, rate:0, size:58
2025-11-15 12:44:58, EXEC, v:1, k:poo@lapiseira, mode:FULL, rate:0, size:59
2025-11-15 12:45:28, EXEC, v:1, k:poo@lapiseira, mode:FULL, rate:0, size:59
2025-11-15 12:45:36, EXEC, v:1, k:poo@lapiseira, mode:FULL, rate:0, size:59
2025-11-15 12:46:03, EXEC, v:1, k:poo@lapiseira, mode:FULL, rate:0, size:59
2025-11-15 12:46:14, MOVE, v:1, k:poo@lapiseira, mode:BACK
